[debug] [2021-05-05T08:08:46.222Z] ----------------------------------------------------------------------
[debug] [2021-05-05T08:08:46.227Z] Command:       C:\Program Files\nodejs\node.exe C:\Users\mtsuser\AppData\Roaming\npm\node_modules\firebase-tools\lib\bin\firebase.js init
[debug] [2021-05-05T08:08:46.227Z] CLI Version:   9.10.0
[debug] [2021-05-05T08:08:46.228Z] Platform:      win32
[debug] [2021-05-05T08:08:46.228Z] Node Version:  v14.15.4
[debug] [2021-05-05T08:08:46.230Z] Time:          Wed May 05 2021 13:38:46 GMT+0530 (India Standard Time)
[debug] [2021-05-05T08:08:46.230Z] ----------------------------------------------------------------------
[debug] 
[debug] [2021-05-05T08:08:46.241Z] > command requires scopes: ["email","openid","https://www.googleapis.com/auth/cloudplatformprojects.readonly","https://www.googleapis.com/auth/firebase","https://www.googleapis.com/auth/cloud-platform"]
[debug] [2021-05-05T08:08:46.241Z] > authorizing via signed-in user (vinothdevaraj14@gmail.com)
[info] 
     ######## #### ########  ######## ########     ###     ######  ########
     ##        ##  ##     ## ##       ##     ##  ##   ##  ##       ##
     ######    ##  ########  ######   ########  #########  ######  ######
     ##        ##  ##    ##  ##       ##     ## ##     ##       ## ##
     ##       #### ##     ## ######## ########  ##     ##  ######  ########

You're about to initialize a Firebase project in this directory:

  D:\Sample\Git\mycustomNotespwa

[info] 
=== Project Setup
[info] 
[info] First, let's associate this project directory with a Firebase project.
[info] You can create multiple project aliases by running firebase use --add, 
[info] but for now we'll just set up a default project.
[info] 
[debug] [2021-05-05T08:09:06.774Z] >>> [apiv2][query] GET https://firebase.googleapis.com/v1beta1/projects pageSize=100
[debug] [2021-05-05T08:09:07.318Z] <<< [apiv2][status] GET https://firebase.googleapis.com/v1beta1/projects 200
[debug] [2021-05-05T08:09:07.319Z] <<< [apiv2][body] GET https://firebase.googleapis.com/v1beta1/projects [omitted]
[info] i  Using project notes-app-d718f (notes-app) 
[info] 
=== Hosting Setup
[info] 
[info] Your public directory is the folder (relative to your project directory) that
[info] will contain Hosting assets to be uploaded with firebase deploy. If you
[info] have a build process for your assets, use your build's output directory.
[info] 
[debug] [2021-05-05T08:10:55.947Z] >>> [apiv2][query] GET https://www.gstatic.com/firebasejs/releases.json [none]
[debug] [2021-05-05T08:10:56.013Z] <<< [apiv2][status] GET https://www.gstatic.com/firebasejs/releases.json 200
[debug] [2021-05-05T08:10:56.015Z] <<< [apiv2][body] GET https://www.gstatic.com/firebasejs/releases.json {"current":{"version":"8.4.3","browserURL":"https://www.gstatic.com/firebasejs/8.4.3/firebase.js","packageURL":"https://www.gstatic.com/firebasejs/8.4.3/firebase.tgz"},"live":{"version":"8.4","browserURL":"https://www.gstatic.com/firebasejs/live/8.4/firebase.js","packageURL":"https://www.gstatic.com/firebasejs/live/8.4/firebase.tgz"},"components":{"analytics":"https://www.gstatic.com/firebasejs/8.4.3/firebase-analytics.js","app":"https://www.gstatic.com/firebasejs/8.4.3/firebase-app.js","auth":"https://www.gstatic.com/firebasejs/8.4.3/firebase-auth.js","database":"https://www.gstatic.com/firebasejs/8.4.3/firebase-database.js","firestore":"https://www.gstatic.com/firebasejs/8.4.3/firebase-firestore.js","functions":"https://www.gstatic.com/firebasejs/8.4.3/firebase-functions.js","installations":"https://www.gstatic.com/firebasejs/8.4.3/firebase-installations.js","messaging":"https://www.gstatic.com/firebasejs/8.4.3/firebase-messaging.js","storage":"https://www.gstatic.com/firebasejs/8.4.3/firebase-storage.js","performance":"https://www.gstatic.com/firebasejs/8.4.3/firebase-performance.js","remote-config":"https://www.gstatic.com/firebasejs/8.4.3/firebase-remote-config.js","firestore.memory":"https://www.gstatic.com/firebasejs/8.4.3/firebase-firestore.memory.js"}}
[info] +  Wrote dist/index.html 
[info] 
[info] i  Detected a .git folder at D:\Sample\Git\mycustomNotespwa 
[info] i  Authorizing with GitHub to upload your service account to a GitHub repository's secrets store. 
[info] 
[info] Visit this URL on this device to log in:
[info] https://github.com/login/oauth/authorize?client_id=89cf50f02ac6aaed3484&state=6050245&redirect_uri=http%3A%2F%2Flocalhost%3A9005&scope=read%3Auser%20repo%20public_repo
[info] 
[info] Waiting for authentication...
[debug] [2021-05-05T08:11:12.868Z] >>> HTTP REQUEST POST https://github.com/login/oauth/access_token  
 {"client_id":"89cf50f02ac6aaed3484","client_secret":"3330d14abc895d9a74d5f17cd7a00711fa2c5bf0","code":"60fe71b72b4f781db5fa","redirect_uri":"http://localhost:9005","state":"6050245"}
[debug] [2021-05-05T08:11:13.245Z] <<< HTTP RESPONSE 200 {"server":"GitHub.com","date":"Wed, 05 May 2021 08:11:13 GMT","content-type":"application/json; charset=utf-8","transfer-encoding":"chunked","vary":"X-PJAX, Accept-Encoding, Accept, X-Requested-With","permissions-policy":"interest-cohort=()","etag":"W/\"249dfa28472e0f12712025df1f900e8c\"","cache-control":"max-age=0, private, must-revalidate","strict-transport-security":"max-age=31536000; includeSubdomains; preload","x-frame-options":"deny","x-content-type-options":"nosniff","x-xss-protection":"0","referrer-policy":"origin-when-cross-origin, strict-origin-when-cross-origin","expect-ct":"max-age=2592000, report-uri=\"https://api.github.com/_private/browser/errors\"","content-security-policy":"default-src 'none'; base-uri 'self'; block-all-mixed-content; connect-src 'self' uploads.github.com www.githubstatus.com collector.githubapp.com api.github.com github-cloud.s3.amazonaws.com github-production-repository-file-5c1aeb.s3.amazonaws.com github-production-upload-manifest-file-7fdce7.s3.amazonaws.com github-production-user-asset-6210df.s3.amazonaws.com cdn.optimizely.com logx.optimizely.com/v1/events wss://alive.github.com; font-src github.githubassets.com; form-action 'self' github.com gist.github.com; frame-ancestors 'none'; frame-src render.githubusercontent.com; img-src 'self' data: github.githubassets.com identicons.github.com collector.githubapp.com github-cloud.s3.amazonaws.com secured-user-images.githubusercontent.com/ *.githubusercontent.com; manifest-src 'self'; media-src 'none'; script-src github.githubassets.com; style-src 'unsafe-inline' github.githubassets.com; worker-src github.com/socket-worker-3f088aa2.js gist.github.com/socket-worker-3f088aa2.js","x-github-request-id":"E2A1:442D:5D459:6B8C5:60925321"}
[debug] [2021-05-05T08:11:13.278Z] >>> [apiv2][query] GET https://api.github.com/user [none]
[debug] [2021-05-05T08:11:13.726Z] <<< [apiv2][status] GET https://api.github.com/user 200
[debug] [2021-05-05T08:11:13.726Z] <<< [apiv2][body] GET https://api.github.com/user {"login":"Vinoth-deva","id":63358005,"node_id":"MDQ6VXNlcjYzMzU4MDA1","avatar_url":"https://avatars.githubusercontent.com/u/63358005?v=4","gravatar_id":"","url":"https://api.github.com/users/Vinoth-deva","html_url":"https://github.com/Vinoth-deva","followers_url":"https://api.github.com/users/Vinoth-deva/followers","following_url":"https://api.github.com/users/Vinoth-deva/following{/other_user}","gists_url":"https://api.github.com/users/Vinoth-deva/gists{/gist_id}","starred_url":"https://api.github.com/users/Vinoth-deva/starred{/owner}{/repo}","subscriptions_url":"https://api.github.com/users/Vinoth-deva/subscriptions","organizations_url":"https://api.github.com/users/Vinoth-deva/orgs","repos_url":"https://api.github.com/users/Vinoth-deva/repos","events_url":"https://api.github.com/users/Vinoth-deva/events{/privacy}","received_events_url":"https://api.github.com/users/Vinoth-deva/received_events","type":"User","site_admin":false,"name":"Vinoth","company":null,"blog":"","location":"Chennai, India","email":"vinothdevaraj14@gmail.com","hireable":null,"bio":"Web Developer | Angular","twitter_username":"vinothdevaraj14","public_repos":3,"public_gists":0,"followers":0,"following":8,"created_at":"2020-04-08T14:39:25Z","updated_at":"2021-05-05T08:11:12Z","private_gists":0,"total_private_repos":2,"owned_private_repos":2,"disk_usage":825,"collaborators":2,"two_factor_authentication":false,"plan":{"name":"free","space":976562499,"collaborators":0,"private_repos":10000}}
[info] 
[info] +  Success! Logged into GitHub as Vinoth-deva 
[info] 
